<?xml version="1.0" encoding="UTF-8"?><testsuites time="123"><testsuite name="Basic Site Testing Fail Tests" tests="4" failures="1" errors="0" time="123" timestamp="123" package="test/fixtures/testFail"><testcase name="Page title is: &quot;Test Title&quot;" classname="STRIPPED" time="123"></testcase><testcase name="Header Exists" classname="STRIPPED" time="123"></testcase><testcase name="P Tag Exists" classname="STRIPPED" time="123"></testcase><testcase name="Should Fail - Span Tag Does Not Exist" classname="STRIPPED" time="123"><failure type="assertExists">Should Fail - Span Tag Does Not Exist</failure></testcase><system-out></system-out></testsuite></testsuites>