<?xml version="1.0" encoding="UTF-8"?><testsuites duration="0.067"><testsuite name="Basic Site Testing Pass Tests" tests="3" failures="0" errors="0" time="123" timestamp="2013-10-09T03:22:44.449Z" package="test/fixtures/testPass"><testcase name="Page title is: &quot;Test Title&quot;" classname="STRIPPED" time="123"></testcase><testcase name="Header Exists" classname="STRIPPED" time="123"></testcase><testcase name="P Tag Exists" classname="STRIPPED" time="123"></testcase><system-out></system-out></testsuite></testsuites>